1.009999e-02 -2.922626e-01 1.212978e+00 -1.505241e+00 0.000000e+00
2.019997e-02 -2.973571e-01 1.213338e+00 -1.510695e+00 0.000000e+00
3.029996e-02 -3.023404e-01 1.213937e+00 -1.516277e+00 0.000000e+00
4.030011e-02 -3.071639e-01 1.214764e+00 -1.521928e+00 0.000000e+00
5.030028e-02 -3.118757e-01 1.215823e+00 -1.527699e+00 0.000000e+00
6.030045e-02 -3.164749e-01 1.217111e+00 -1.533586e+00 0.000000e+00
7.030062e-02 -3.209602e-01 1.218625e+00 -1.539585e+00 0.000000e+00
8.030079e-02 -3.253302e-01 1.220363e+00 -1.545693e+00 0.000000e+00
9.030095e-02 -3.295839e-01 1.222320e+00 -1.551904e+00 0.000000e+00
1.003011e-01 -3.337203e-01 1.224492e+00 -1.558212e+00 0.000000e+00
1.103013e-01 -3.377376e-01 1.226874e+00 -1.564612e+00 0.000000e+00
1.203015e-01 -3.416348e-01 1.229461e+00 -1.571096e+00 0.000000e+00
1.303016e-01 -3.454111e-01 1.232247e+00 -1.577658e+00 0.000000e+00
1.403018e-01 -3.490653e-01 1.235225e+00 -1.584290e+00 0.000000e+00
1.503020e-01 -3.525956e-01 1.238388e+00 -1.590984e+00 0.000000e+00
1.603021e-01 -3.560009e-01 1.241728e+00 -1.597729e+00 0.000000e+00
1.703023e-01 -3.592809e-01 1.245236e+00 -1.604517e+00 0.000000e+00
1.803025e-01 -3.624332e-01 1.248904e+00 -1.611337e+00 0.000000e+00
1.903026e-01 -3.654571e-01 1.252721e+00 -1.618178e+00 0.000000e+00
2.003028e-01 -3.683509e-01 1.256678e+00 -1.625029e+00 0.000000e+00
2.103030e-01 -3.711140e-01 1.260762e+00 -1.631876e+00 0.000000e+00
2.203031e-01 -3.737460e-01 1.264961e+00 -1.638707e+00 0.000000e+00
2.303033e-01 -3.762422e-01 1.269266e+00 -1.645508e+00 0.000000e+00
2.403035e-01 -3.786034e-01 1.273661e+00 -1.652264e+00 0.000000e+00
2.503036e-01 -3.808282e-01 1.278132e+00 -1.658960e+00 0.000000e+00
2.604023e-01 -3.829350e-01 1.282710e+00 -1.665645e+00 0.000000e+00
2.705009e-01 -3.848974e-01 1.287339e+00 -1.672236e+00 0.000000e+00
2.805996e-01 -3.867172e-01 1.291997e+00 -1.678714e+00 0.000000e+00
2.906983e-01 -3.883917e-01 1.296670e+00 -1.685062e+00 0.000000e+00
3.007969e-01 -3.899192e-01 1.301341e+00 -1.691260e+00 0.000000e+00
3.108956e-01 -3.912975e-01 1.305991e+00 -1.697289e+00 0.000000e+00
3.209943e-01 -3.925262e-01 1.310603e+00 -1.703130e+00 0.000000e+00
3.310929e-01 -3.936020e-01 1.315158e+00 -1.708760e+00 0.000000e+00
3.411916e-01 -3.945250e-01 1.319638e+00 -1.714163e+00 0.000000e+00
3.512903e-01 -3.952929e-01 1.324023e+00 -1.719316e+00 0.000000e+00
3.613889e-01 -3.959039e-01 1.328294e+00 -1.724198e+00 0.000000e+00
3.714876e-01 -3.963570e-01 1.332433e+00 -1.728790e+00 0.000000e+00
3.815863e-01 -3.966500e-01 1.336420e+00 -1.733070e+00 0.000000e+00
3.916849e-01 -3.967825e-01 1.340238e+00 -1.737021e+00 0.000000e+00
4.017836e-01 -3.967517e-01 1.343868e+00 -1.740619e+00 0.000000e+00
4.118823e-01 -3.965575e-01 1.347292e+00 -1.743850e+00 0.000000e+00
4.219809e-01 -3.961965e-01 1.350495e+00 -1.746691e+00 0.000000e+00
4.320796e-01 -3.956689e-01 1.353459e+00 -1.749128e+00 0.000000e+00
4.421782e-01 -3.949739e-01 1.356169e+00 -1.751143e+00 0.000000e+00
4.522769e-01 -3.941091e-01 1.358614e+00 -1.752723e+00 0.000000e+00
4.623756e-01 -3.930733e-01 1.360778e+00 -1.753851e+00 0.000000e+00
4.724742e-01 -3.918668e-01 1.362651e+00 -1.754517e+00 0.000000e+00
4.825729e-01 -3.904886e-01 1.364221e+00 -1.754710e+00 0.000000e+00
4.926716e-01 -3.889374e-01 1.365482e+00 -1.754419e+00 0.000000e+00
5.027711e-01 -3.872134e-01 1.366425e+00 -1.753638e+00 0.000000e+00
5.127727e-01 -3.853326e-01 1.367043e+00 -1.752375e+00 0.000000e+00
5.227744e-01 -3.832796e-01 1.367342e+00 -1.750622e+00 0.000000e+00
5.327761e-01 -3.810539e-01 1.367322e+00 -1.748376e+00 0.000000e+00
5.427777e-01 -3.786554e-01 1.366981e+00 -1.745636e+00 0.000000e+00
5.527794e-01 -3.760846e-01 1.366321e+00 -1.742406e+00 0.000000e+00
5.627810e-01 -3.733411e-01 1.365346e+00 -1.738687e+00 0.000000e+00
5.727827e-01 -3.704235e-01 1.364061e+00 -1.734485e+00 0.000000e+00
5.827844e-01 -3.673310e-01 1.362476e+00 -1.729807e+00 0.000000e+00
5.927860e-01 -3.640672e-01 1.360594e+00 -1.724661e+00 0.000000e+00
6.027877e-01 -3.606298e-01 1.358427e+00 -1.719057e+00 0.000000e+00
6.127893e-01 -3.570189e-01 1.355988e+00 -1.713006e+00 0.000000e+00
6.227910e-01 -3.532351e-01 1.353287e+00 -1.706522e+00 0.000000e+00
6.327927e-01 -3.492787e-01 1.350339e+00 -1.699618e+00 0.000000e+00
6.427943e-01 -3.451516e-01 1.347158e+00 -1.692310e+00 0.000000e+00
6.527960e-01 -3.408520e-01 1.343760e+00 -1.684612e+00 0.000000e+00
6.627976e-01 -3.363822e-01 1.340161e+00 -1.676543e+00 0.000000e+00
6.727993e-01 -3.317422e-01 1.336378e+00 -1.668121e+00 0.000000e+00
6.828009e-01 -3.269324e-01 1.332430e+00 -1.659362e+00 0.000000e+00
6.928026e-01 -3.219544e-01 1.328332e+00 -1.650287e+00 0.000000e+00
7.028043e-01 -3.168092e-01 1.324104e+00 -1.640914e+00 0.000000e+00
7.128059e-01 -3.114968e-01 1.319765e+00 -1.631262e+00 0.000000e+00
7.228076e-01 -3.060179e-01 1.315332e+00 -1.621350e+00 0.000000e+00
7.328092e-01 -3.003740e-01 1.310824e+00 -1.611198e+00 0.000000e+00
7.428109e-01 -2.945660e-01 1.306260e+00 -1.600826e+00 0.000000e+00
7.528126e-01 -2.885944e-01 1.301656e+00 -1.590250e+00 0.000000e+00
7.628142e-01 -2.824600e-01 1.297032e+00 -1.579492e+00 0.000000e+00
7.728159e-01 -2.761644e-01 1.292403e+00 -1.568568e+00 0.000000e+00
7.828175e-01 -2.697092e-01 1.287787e+00 -1.557496e+00 0.000000e+00
7.928192e-01 -2.630951e-01 1.283200e+00 -1.546295e+00 0.000000e+00
8.028209e-01 -2.563201e-01 1.278660e+00 -1.534980e+00 0.000000e+00
8.128225e-01 -2.493885e-01 1.274179e+00 -1.523568e+00 0.000000e+00
8.228242e-01 -2.423008e-01 1.269773e+00 -1.512074e+00 0.000000e+00
8.328258e-01 -2.350580e-01 1.265456e+00 -1.500514e+00 0.000000e+00
8.428275e-01 -2.276598e-01 1.261242e+00 -1.488901e+00 0.000000e+00
8.528292e-01 -2.201090e-01 1.257141e+00 -1.477250e+00 0.000000e+00
8.628308e-01 -2.124065e-01 1.253167e+00 -1.465573e+00 0.000000e+00
8.728325e-01 -2.045523e-01 1.249330e+00 -1.453883e+00 0.000000e+00
8.828341e-01 -1.965479e-01 1.245642e+00 -1.442190e+00 0.000000e+00
8.928358e-01 -1.883947e-01 1.242112e+00 -1.430507e+00 0.000000e+00
9.028375e-01 -1.800941e-01 1.238750e+00 -1.418844e+00 0.000000e+00
9.128391e-01 -1.716469e-01 1.235563e+00 -1.407210e+00 0.000000e+00
9.228408e-01 -1.630539e-01 1.232561e+00 -1.395615e+00 0.000000e+00
9.328424e-01 -1.543171e-01 1.229750e+00 -1.384067e+00 0.000000e+00
9.428441e-01 -1.454378e-01 1.227137e+00 -1.372575e+00 0.000000e+00
9.528458e-01 -1.364167e-01 1.224728e+00 -1.361144e+00 0.000000e+00
9.628474e-01 -1.272559e-01 1.222528e+00 -1.349784e+00 0.000000e+00
9.728491e-01 -1.179571e-01 1.220543e+00 -1.338500e+00 0.000000e+00
9.828507e-01 -1.085220e-01 1.218776e+00 -1.327298e+00 0.000000e+00
9.928524e-01 -9.895197e-02 1.217232e+00 -1.316184e+00 0.000000e+00
1.002854e+00 -8.924881e-02 1.215915e+00 -1.305164e+00 0.000000e+00
1.012856e+00 -7.941470e-02 1.214826e+00 -1.294241e+00 0.000000e+00
1.022857e+00 -6.945185e-02 1.213969e+00 -1.283421e+00 0.000000e+00
1.032859e+00 -5.936249e-02 1.213344e+00 -1.272707e+00 0.000000e+00
1.042861e+00 -4.914925e-02 1.212954e+00 -1.262103e+00 0.000000e+00
1.052862e+00 -3.881511e-02 1.212799e+00 -1.251614e+00 0.000000e+00
1.062864e+00 -2.836241e-02 1.212879e+00 -1.241241e+00 0.000000e+00
1.072866e+00 -1.779532e-02 1.213194e+00 -1.230989e+00 0.000000e+00
1.082867e+00 -7.116154e-03 1.213744e+00 -1.220860e+00 0.000000e+00
1.092869e+00 3.670424e-03 1.214527e+00 -1.210857e+00 0.000000e+00
1.102871e+00 1.456133e-02 1.215542e+00 -1.200981e+00 0.000000e+00
1.112872e+00 2.555110e-02 1.216786e+00 -1.191235e+00 0.000000e+00
1.122874e+00 3.663555e-02 1.218258e+00 -1.181622e+00 0.000000e+00
1.132876e+00 4.780971e-02 1.219953e+00 -1.172143e+00 0.000000e+00
1.142877e+00 5.906802e-02 1.221868e+00 -1.162800e+00 0.000000e+00
1.152879e+00 7.040466e-02 1.224000e+00 -1.153595e+00 0.000000e+00
1.162881e+00 8.181331e-02 1.226342e+00 -1.144529e+00 0.000000e+00
1.172882e+00 9.328620e-02 1.228891e+00 -1.135605e+00 0.000000e+00
1.182884e+00 1.048172e-01 1.231639e+00 -1.126822e+00 0.000000e+00
1.192886e+00 1.163984e-01 1.234581e+00 -1.118182e+00 0.000000e+00
1.202887e+00 1.280207e-01 1.237709e+00 -1.109688e+00 0.000000e+00
1.212889e+00 1.396754e-01 1.241016e+00 -1.101340e+00 0.000000e+00
1.222890e+00 1.513532e-01 1.244493e+00 -1.093139e+00 0.000000e+00
1.232892e+00 1.630436e-01 1.248131e+00 -1.085087e+00 0.000000e+00
1.242894e+00 1.747358e-01 1.251920e+00 -1.077184e+00 0.000000e+00
1.252895e+00 1.864185e-01 1.255851e+00 -1.069432e+00 0.000000e+00
1.262897e+00 1.980790e-01 1.259912e+00 -1.061833e+00 0.000000e+00
1.272899e+00 2.097044e-01 1.264090e+00 -1.054386e+00 0.000000e+00
1.282900e+00 2.212832e-01 1.268375e+00 -1.047092e+00 0.000000e+00
1.292902e+00 2.327998e-01 1.272754e+00 -1.039954e+00 0.000000e+00
1.302904e+00 2.442397e-01 1.277211e+00 -1.032972e+00 0.000000e+00
1.312905e+00 2.555882e-01 1.281734e+00 -1.026146e+00 0.000000e+00
1.322907e+00 2.668291e-01 1.286308e+00 -1.019479e+00 0.000000e+00
1.332909e+00 2.779440e-01 1.290914e+00 -1.012970e+00 0.000000e+00
1.342910e+00 2.889162e-01 1.295539e+00 -1.006623e+00 0.000000e+00
1.352912e+00 2.997303e-01 1.300165e+00 -1.000435e+00 0.000000e+00
1.362914e+00 3.103655e-01 1.304776e+00 -9.944104e-01 0.000000e+00
1.372915e+00 3.208053e-01 1.309353e+00 -9.885482e-01 0.000000e+00
1.382917e+00 3.310305e-01 1.313880e+00 -9.828494e-01 0.000000e+00
1.392919e+00 3.410208e-01 1.318337e+00 -9.773164e-01 0.000000e+00
1.402920e+00 3.507586e-01 1.322707e+00 -9.719486e-01 0.000000e+00
1.412922e+00 3.602236e-01 1.326971e+00 -9.667473e-01 0.000000e+00
1.422924e+00 3.693967e-01 1.331110e+00 -9.617132e-01 0.000000e+00
1.432925e+00 3.782585e-01 1.335107e+00 -9.568481e-01 0.000000e+00
1.442927e+00 3.867908e-01 1.338942e+00 -9.521516e-01 0.000000e+00
1.452929e+00 3.949745e-01 1.342600e+00 -9.476252e-01 0.000000e+00
1.462930e+00 4.027933e-01 1.346062e+00 -9.432688e-01 0.000000e+00
1.472932e+00 4.102284e-01 1.349312e+00 -9.390833e-01 0.000000e+00
1.482934e+00 4.172643e-01 1.352334e+00 -9.350694e-01 0.000000e+00
1.492935e+00 4.238849e-01 1.355112e+00 -9.312276e-01 0.000000e+00
1.502937e+00 4.300762e-01 1.357635e+00 -9.275584e-01 0.000000e+00
1.512939e+00 4.358257e-01 1.359888e+00 -9.240620e-01 0.000000e+00
1.522940e+00 4.411197e-01 1.361859e+00 -9.207396e-01 0.000000e+00
1.532942e+00 4.459489e-01 1.363539e+00 -9.175898e-01 0.000000e+00
1.542944e+00 4.503041e-01 1.364917e+00 -9.146133e-01 0.000000e+00
1.552945e+00 4.541780e-01 1.365988e+00 -9.118101e-01 0.000000e+00
1.562947e+00 4.575645e-01 1.366745e+00 -9.091802e-01 0.000000e+00
1.572949e+00 4.604619e-01 1.367185e+00 -9.067235e-01 0.000000e+00
1.582950e+00 4.628669e-01 1.367307e+00 -9.044398e-01 0.000000e+00
1.592952e+00 4.647782e-01 1.367107e+00 -9.023286e-01 0.000000e+00
1.602954e+00 4.661989e-01 1.366588e+00 -9.003896e-01 0.000000e+00
1.612955e+00 4.671290e-01 1.365751e+00 -8.986221e-01 0.000000e+00
1.622957e+00 4.675779e-01 1.364603e+00 -8.970254e-01 0.000000e+00
1.632959e+00 4.675506e-01 1.363149e+00 -8.955989e-01 0.000000e+00
1.642960e+00 4.670554e-01 1.361397e+00 -8.943415e-01 0.000000e+00
1.652962e+00 4.661022e-01 1.359355e+00 -8.932527e-01 0.000000e+00
1.662964e+00 4.647030e-01 1.357034e+00 -8.923314e-01 0.000000e+00
1.672965e+00 4.628708e-01 1.354447e+00 -8.915765e-01 0.000000e+00
1.682967e+00 4.606202e-01 1.351607e+00 -8.909867e-01 0.000000e+00
1.692968e+00 4.579660e-01 1.348527e+00 -8.905612e-01 0.000000e+00
1.702970e+00 4.549248e-01 1.345223e+00 -8.902986e-01 0.000000e+00
1.712972e+00 4.515144e-01 1.341712e+00 -8.901976e-01 0.000000e+00
1.722973e+00 4.477517e-01 1.338008e+00 -8.902566e-01 0.000000e+00
1.732975e+00 4.436564e-01 1.334131e+00 -8.904744e-01 0.000000e+00
1.742977e+00 4.392475e-01 1.330097e+00 -8.908492e-01 0.000000e+00
1.752978e+00 4.345444e-01 1.325924e+00 -8.913799e-01 0.000000e+00
1.762980e+00 4.295668e-01 1.321632e+00 -8.920651e-01 0.000000e+00
1.772982e+00 4.243346e-01 1.317238e+00 -8.929033e-01 0.000000e+00
1.782983e+00 4.188685e-01 1.312761e+00 -8.938926e-01 0.000000e+00
1.792985e+00 4.131883e-01 1.308219e+00 -8.950311e-01 0.000000e+00
1.802987e+00 4.073116e-01 1.303630e+00 -8.963187e-01 0.000000e+00
1.812988e+00 4.012603e-01 1.299013e+00 -8.977525e-01 0.000000e+00
1.822990e+00 3.950524e-01 1.294384e+00 -8.993312e-01 0.000000e+00
1.832992e+00 3.887064e-01 1.289760e+00 -9.010537e-01 0.000000e+00
1.842993e+00 3.822405e-01 1.285158e+00 -9.029180e-01 0.000000e+00
1.852995e+00 3.756710e-01 1.280594e+00 -9.049231e-01 0.000000e+00
1.862997e+00 3.690169e-01 1.276084e+00 -9.070671e-01 0.000000e+00
1.872998e+00 3.622940e-01 1.271643e+00 -9.093485e-01 0.000000e+00
1.883000e+00 3.555172e-01 1.267284e+00 -9.117665e-01 0.000000e+00
1.893002e+00 3.487024e-01 1.263021e+00 -9.143188e-01 0.000000e+00
1.903003e+00 3.418642e-01 1.258869e+00 -9.170045e-01 0.000000e+00
1.913005e+00 3.350144e-01 1.254836e+00 -9.198219e-01 0.000000e+00
1.923007e+00 3.281666e-01 1.250937e+00 -9.227703e-01 0.000000e+00
1.933008e+00 3.213332e-01 1.247181e+00 -9.258480e-01 0.000000e+00
1.943010e+00 3.145260e-01 1.243579e+00 -9.290535e-01 0.000000e+00
1.953012e+00 3.077552e-01 1.240141e+00 -9.323857e-01 0.000000e+00
1.963013e+00 3.010312e-01 1.236875e+00 -9.358434e-01 0.000000e+00
1.973015e+00 2.943636e-01 1.233789e+00 -9.394253e-01 0.000000e+00
1.983017e+00 2.877604e-01 1.230891e+00 -9.431305e-01 0.000000e+00
1.993018e+00 2.812303e-01 1.228188e+00 -9.469575e-01 0.000000e+00
2.003116e+00 2.747176e-01 1.225662e+00 -9.509445e-01 0.000000e+00
2.013206e+00 2.682936e-01 1.223348e+00 -9.550542e-01 0.000000e+00
2.023295e+00 2.619662e-01 1.221250e+00 -9.592839e-01 0.000000e+00
2.033385e+00 2.557406e-01 1.219375e+00 -9.636339e-01 0.000000e+00
2.043475e+00 2.496227e-01 1.217724e+00 -9.681011e-01 0.000000e+00
2.053564e+00 2.436169e-01 1.216302e+00 -9.726854e-01 0.000000e+00
2.063654e+00 2.377280e-01 1.215113e+00 -9.773854e-01 0.000000e+00
2.073744e+00 2.319595e-01 1.214159e+00 -9.821996e-01 0.000000e+00
2.083833e+00 2.263149e-01 1.213442e+00 -9.871268e-01 0.000000e+00
2.093923e+00 2.207974e-01 1.212963e+00 -9.921654e-01 0.000000e+00
2.104012e+00 2.154095e-01 1.212724e+00 -9.973140e-01 0.000000e+00
2.114102e+00 2.101527e-01 1.212724e+00 -1.002571e+00 0.000000e+00
2.124192e+00 2.050290e-01 1.212964e+00 -1.007935e+00 0.000000e+00
2.134281e+00 2.000392e-01 1.213444e+00 -1.013405e+00 0.000000e+00
2.144371e+00 1.951845e-01 1.214162e+00 -1.018978e+00 0.000000e+00
2.154461e+00 1.904649e-01 1.215117e+00 -1.024653e+00 0.000000e+00
2.164550e+00 1.858808e-01 1.216307e+00 -1.030427e+00 0.000000e+00
2.174640e+00 1.814314e-01 1.217730e+00 -1.036298e+00 0.000000e+00
2.184730e+00 1.771163e-01 1.219381e+00 -1.042265e+00 0.000000e+00
2.194819e+00 1.729333e-01 1.221257e+00 -1.048324e+00 0.000000e+00
2.204909e+00 1.688822e-01 1.223355e+00 -1.054473e+00 0.000000e+00
2.214998e+00 1.649602e-01 1.225670e+00 -1.060710e+00 0.000000e+00
2.225088e+00 1.611648e-01 1.228196e+00 -1.067031e+00 0.000000e+00
2.235178e+00 1.574944e-01 1.230926e+00 -1.073432e+00 0.000000e+00
2.245267e+00 1.539451e-01 1.233856e+00 -1.079911e+00 0.000000e+00
2.255357e+00 1.505131e-01 1.236977e+00 -1.086464e+00 0.000000e+00
2.265447e+00 1.471950e-01 1.240281e+00 -1.093086e+00 0.000000e+00
2.275536e+00 1.439863e-01 1.243761e+00 -1.099775e+00 0.000000e+00
2.285626e+00 1.408826e-01 1.247406e+00 -1.106524e+00 0.000000e+00
2.295716e+00 1.378788e-01 1.251208e+00 -1.113329e+00 0.000000e+00
2.305805e+00 1.349691e-01 1.255155e+00 -1.120186e+00 0.000000e+00
2.315895e+00 1.321478e-01 1.259236e+00 -1.127088e+00 0.000000e+00
2.325984e+00 1.294091e-01 1.263440e+00 -1.134031e+00 0.000000e+00
2.336074e+00 1.267458e-01 1.267754e+00 -1.141008e+00 0.000000e+00
2.346164e+00 1.241503e-01 1.272163e+00 -1.148012e+00 0.000000e+00
2.356253e+00 1.216161e-01 1.276654e+00 -1.155038e+00 0.000000e+00
2.366343e+00 1.191357e-01 1.281214e+00 -1.162078e+00 0.000000e+00
2.376433e+00 1.166956e-01 1.285821e+00 -1.169126e+00 0.000000e+00
2.386522e+00 1.142966e-01 1.290469e+00 -1.176172e+00 0.000000e+00
2.396612e+00 1.119249e-01 1.295135e+00 -1.183211e+00 0.000000e+00
2.406702e+00 1.095721e-01 1.299805e+00 -1.190233e+00 0.000000e+00
2.416791e+00 1.072285e-01 1.304459e+00 -1.197231e+00 0.000000e+00
2.426881e+00 1.048842e-01 1.309080e+00 -1.204195e+00 0.000000e+00
2.436970e+00 1.025298e-01 1.313648e+00 -1.211119e+00 0.000000e+00
2.447060e+00 1.001551e-01 1.318147e+00 -1.217992e+00 0.000000e+00
2.457150e+00 9.775037e-02 1.322557e+00 -1.224807e+00 0.000000e+00
2.467239e+00 9.530499e-02 1.326858e+00 -1.231553e+00 0.000000e+00
2.477329e+00 9.280916e-02 1.331033e+00 -1.238224e+00 0.000000e+00
2.487419e+00 9.025202e-02 1.335061e+00 -1.244809e+00 0.000000e+00
2.497508e+00 8.762474e-02 1.338925e+00 -1.251300e+00 0.000000e+00
2.507598e+00 8.491670e-02 1.342605e+00 -1.257689e+00 0.000000e+00
2.517688e+00 8.211910e-02 1.346087e+00 -1.263968e+00 0.000000e+00
2.527777e+00 7.922181e-02 1.349350e+00 -1.270129e+00 0.000000e+00
2.537867e+00 7.621659e-02 1.352380e+00 -1.276164e+00 0.000000e+00
2.547956e+00 7.309464e-02 1.355162e+00 -1.282067e+00 0.000000e+00
2.558046e+00 6.984773e-02 1.357680e+00 -1.287832e+00 0.000000e+00
2.568136e+00 6.646837e-02 1.359921e+00 -1.293453e+00 0.000000e+00
2.578225e+00 6.295108e-02 1.361875e+00 -1.298924e+00 0.000000e+00
2.588315e+00 5.928906e-02 1.363531e+00 -1.304242e+00 0.000000e+00
2.598405e+00 5.547606e-02 1.364878e+00 -1.309402e+00 0.000000e+00
2.608494e+00 5.150988e-02 1.365912e+00 -1.314402e+00 0.000000e+00
2.618584e+00 4.738645e-02 1.366626e+00 -1.319239e+00 0.000000e+00
2.628674e+00 4.310157e-02 1.367015e+00 -1.323914e+00 0.000000e+00
2.638763e+00 3.865460e-02 1.367079e+00 -1.328424e+00 0.000000e+00
2.648853e+00 3.404342e-02 1.366815e+00 -1.332772e+00 0.000000e+00
2.658942e+00 2.926923e-02 1.366227e+00 -1.336958e+00 0.000000e+00
2.669032e+00 2.433436e-02 1.365319e+00 -1.340985e+00 0.000000e+00
2.679122e+00 1.923509e-02 1.364091e+00 -1.344856e+00 0.000000e+00
2.689211e+00 1.397794e-02 1.362554e+00 -1.348576e+00 0.000000e+00
2.699301e+00 8.565821e-03 1.360715e+00 -1.352149e+00 0.000000e+00
2.709391e+00 3.002673e-03 1.358583e+00 -1.355581e+00 0.000000e+00
2.719480e+00 -2.707198e-03 1.356171e+00 -1.358878e+00 0.000000e+00
2.729570e+00 -8.557372e-03 1.353490e+00 -1.362048e+00 0.000000e+00
2.739660e+00 -1.454263e-02 1.350555e+00 -1.365098e+00 0.000000e+00
2.749749e+00 -2.065551e-02 1.347381e+00 -1.368037e+00 0.000000e+00
2.759839e+00 -2.688964e-02 1.343983e+00 -1.370872e+00 0.000000e+00
2.769928e+00 -3.323648e-02 1.340378e+00 -1.373614e+00 0.000000e+00
2.780018e+00 -3.968908e-02 1.336583e+00 -1.376272e+00 0.000000e+00
2.790108e+00 -4.623891e-02 1.332616e+00 -1.378855e+00 0.000000e+00
2.800197e+00 -5.287693e-02 1.328496e+00 -1.381373e+00 0.000000e+00
2.810287e+00 -5.959473e-02 1.324242e+00 -1.383837e+00 0.000000e+00
2.820377e+00 -6.638350e-02 1.319873e+00 -1.386257e+00 0.000000e+00
2.830466e+00 -7.323480e-02 1.315407e+00 -1.388642e+00 0.000000e+00
2.840556e+00 -8.013880e-02 1.310863e+00 -1.391002e+00 0.000000e+00
2.850646e+00 -8.708876e-02 1.306261e+00 -1.393350e+00 0.000000e+00
2.860735e+00 -9.407411e-02 1.301618e+00 -1.395692e+00 0.000000e+00
2.870825e+00 -1.010876e-01 1.296953e+00 -1.398041e+00 0.000000e+00
2.880914e+00 -1.081207e-01 1.292283e+00 -1.400404e+00 0.000000e+00
2.891004e+00 -1.151647e-01 1.287627e+00 -1.402791e+00 0.000000e+00
2.901094e+00 -1.222097e-01 1.283002e+00 -1.405212e+00 0.000000e+00
2.911183e+00 -1.292531e-01 1.278421e+00 -1.407674e+00 0.000000e+00
2.921273e+00 -1.362845e-01 1.273902e+00 -1.410187e+00 0.000000e+00
2.931363e+00 -1.432978e-01 1.269460e+00 -1.412758e+00 0.000000e+00
2.941452e+00 -1.502857e-01 1.265109e+00 -1.415394e+00 0.000000e+00
2.951542e+00 -1.572424e-01 1.260861e+00 -1.418103e+00 0.000000e+00
2.961632e+00 -1.641604e-01 1.256731e+00 -1.420892e+00 0.000000e+00
2.971721e+00 -1.710349e-01 1.252731e+00 -1.423766e+00 0.000000e+00
2.981811e+00 -1.778605e-01 1.248873e+00 -1.426733e+00 0.000000e+00
2.991900e+00 -1.846312e-01 1.245166e+00 -1.429797e+00 0.000000e+00
3.001990e+00 -1.913427e-01 1.241622e+00 -1.432965e+00 0.000000e+00
3.012080e+00 -1.979910e-01 1.238249e+00 -1.436240e+00 0.000000e+00
3.022169e+00 -2.045711e-01 1.235057e+00 -1.439628e+00 0.000000e+00
3.032259e+00 -2.110785e-01 1.232053e+00 -1.443131e+00 0.000000e+00
3.042349e+00 -2.175100e-01 1.229244e+00 -1.446754e+00 0.000000e+00
3.052438e+00 -2.238618e-01 1.226639e+00 -1.450501e+00 0.000000e+00
3.062528e+00 -2.301310e-01 1.224242e+00 -1.454373e+00 0.000000e+00
3.072618e+00 -2.363137e-01 1.222060e+00 -1.458374e+00 0.000000e+00
3.082707e+00 -2.424075e-01 1.220098e+00 -1.462505e+00 0.000000e+00
3.092797e+00 -2.484094e-01 1.218359e+00 -1.466769e+00 0.000000e+00
3.102886e+00 -2.543175e-01 1.216849e+00 -1.471166e+00 0.000000e+00
3.112976e+00 -2.601292e-01 1.215569e+00 -1.475698e+00 0.000000e+00
3.123066e+00 -2.658418e-01 1.214523e+00 -1.480365e+00 0.000000e+00
3.133155e+00 -2.714538e-01 1.213713e+00 -1.485167e+00 0.000000e+00
3.143245e+00 -2.769634e-01 1.213141e+00 -1.490104e+00 0.000000e+00
3.153335e+00 -2.823676e-01 1.212808e+00 -1.495176e+00 0.000000e+00
3.163424e+00 -2.876662e-01 1.212715e+00 -1.500381e+00 0.000000e+00
3.173514e+00 -2.928565e-01 1.212861e+00 -1.505718e+00 0.000000e+00
3.183604e+00 -2.979376e-01 1.213248e+00 -1.511185e+00 0.000000e+00
3.193693e+00 -3.029078e-01 1.213873e+00 -1.516781e+00 0.000000e+00
3.203783e+00 -3.077655e-01 1.214736e+00 -1.522501e+00 0.000000e+00
3.213872e+00 -3.125093e-01 1.215834e+00 -1.528343e+00 0.000000e+00
3.223962e+00 -3.171383e-01 1.217166e+00 -1.534304e+00 0.000000e+00
3.234052e+00 -3.216507e-01 1.218728e+00 -1.540379e+00 0.000000e+00
3.244141e+00 -3.260462e-01 1.220517e+00 -1.546563e+00 0.000000e+00
3.254231e+00 -3.303228e-01 1.222529e+00 -1.552851e+00 0.000000e+00
3.264321e+00 -3.344786e-01 1.224759e+00 -1.559238e+00 0.000000e+00
3.274410e+00 -3.385132e-01 1.227204e+00 -1.565717e+00 0.000000e+00
3.284500e+00 -3.424251e-01 1.229855e+00 -1.572280e+00 0.000000e+00
3.294590e+00 -3.462138e-01 1.232709e+00 -1.578922e+00 0.000000e+00
3.304679e+00 -3.498771e-01 1.235756e+00 -1.585633e+00 0.000000e+00
3.314769e+00 -3.534140e-01 1.238991e+00 -1.592405e+00 0.000000e+00
3.324858e+00 -3.568239e-01 1.242404e+00 -1.599228e+00 0.000000e+00
3.334948e+00 -3.601045e-01 1.245987e+00 -1.606091e+00 0.000000e+00
3.345038e+00 -3.632556e-01 1.249730e+00 -1.612985e+00 0.000000e+00
3.355127e+00 -3.662749e-01 1.253623e+00 -1.619898e+00 0.000000e+00
3.365217e+00 -3.691614e-01 1.257655e+00 -1.626816e+00 0.000000e+00
3.375307e+00 -3.719139e-01 1.261814e+00 -1.633728e+00 0.000000e+00
3.385396e+00 -3.745303e-01 1.266088e+00 -1.640618e+00 0.000000e+00
3.395486e+00 -3.770106e-01 1.270463e+00 -1.647474e+00 0.000000e+00
3.405576e+00 -3.793521e-01 1.274927e+00 -1.654279e+00 0.000000e+00
3.415665e+00 -3.815537e-01 1.279464e+00 -1.661018e+00 0.000000e+00
3.425755e+00 -3.836155e-01 1.284058e+00 -1.667674e+00 0.000000e+00
3.435844e+00 -3.855356e-01 1.288694e+00 -1.674230e+00 0.000000e+00
3.445934e+00 -3.873087e-01 1.293358e+00 -1.680667e+00 0.000000e+00
3.456024e+00 -3.889361e-01 1.298032e+00 -1.686968e+00 0.000000e+00
3.466113e+00 -3.904152e-01 1.302698e+00 -1.693113e+00 0.000000e+00
3.476203e+00 -3.917456e-01 1.307338e+00 -1.699083e+00 0.000000e+00
3.486293e+00 -3.929253e-01 1.311933e+00 -1.704858e+00 0.000000e+00
3.496382e+00 -3.939523e-01 1.316466e+00 -1.710418e+00 0.000000e+00
3.506472e+00 -3.948255e-01 1.320917e+00 -1.715742e+00 0.000000e+00
3.516562e+00 -3.955426e-01 1.325268e+00 -1.720810e+00 0.000000e+00
3.526651e+00 -3.961036e-01 1.329499e+00 -1.725602e+00 0.000000e+00
3.536741e+00 -3.965054e-01 1.333590e+00 -1.730096e+00 0.000000e+00
3.546830e+00 -3.967469e-01 1.337526e+00 -1.734273e+00 0.000000e+00
3.556920e+00 -3.968271e-01 1.341285e+00 -1.738113e+00 0.000000e+00
3.567010e+00 -3.967442e-01 1.344851e+00 -1.741596e+00 0.000000e+00
3.577099e+00 -3.964970e-01 1.348207e+00 -1.744704e+00 0.000000e+00
3.587189e+00 -3.960847e-01 1.351335e+00 -1.747420e+00 0.000000e+00
3.597279e+00 -3.955051e-01 1.354221e+00 -1.749726e+00 0.000000e+00
3.607368e+00 -3.947563e-01 1.356848e+00 -1.751605e+00 0.000000e+00
3.617458e+00 -3.938375e-01 1.359205e+00 -1.753043e+00 0.000000e+00
3.627548e+00 -3.927479e-01 1.361278e+00 -1.754026e+00 0.000000e+00
3.637637e+00 -3.914865e-01 1.363057e+00 -1.754543e+00 0.000000e+00
3.647727e+00 -3.900520e-01 1.364532e+00 -1.754584e+00 0.000000e+00
3.657816e+00 -3.884440e-01 1.365695e+00 -1.754139e+00 0.000000e+00
3.667906e+00 -3.866621e-01 1.366539e+00 -1.753201e+00 0.000000e+00
3.677996e+00 -3.847046e-01 1.367061e+00 -1.751766e+00 0.000000e+00
3.688085e+00 -3.825724e-01 1.367257e+00 -1.749829e+00 0.000000e+00
3.698175e+00 -3.802641e-01 1.367126e+00 -1.747390e+00 0.000000e+00
3.708265e+00 -3.777789e-01 1.366669e+00 -1.744448e+00 0.000000e+00
3.718354e+00 -3.751184e-01 1.365887e+00 -1.741006e+00 0.000000e+00
3.728444e+00 -3.722810e-01 1.364787e+00 -1.737068e+00 0.000000e+00
3.738533e+00 -3.692673e-01 1.363372e+00 -1.732639e+00 0.000000e+00
3.748623e+00 -3.660755e-01 1.361653e+00 -1.727728e+00 0.000000e+00
3.758713e+00 -3.627071e-01 1.359637e+00 -1.722344e+00 0.000000e+00
3.768802e+00 -3.591608e-01 1.357336e+00 -1.716497e+00 0.000000e+00
3.778892e+00 -3.554391e-01 1.354761e+00 -1.710200e+00 0.000000e+00
3.788982e+00 -3.515402e-01 1.351926e+00 -1.703466e+00 0.000000e+00
3.799071e+00 -3.474662e-01 1.348845e+00 -1.696311e+00 0.000000e+00
3.809161e+00 -3.432178e-01 1.345534e+00 -1.688752e+00 0.000000e+00
3.819251e+00 -3.387943e-01 1.342009e+00 -1.680803e+00 0.000000e+00
3.829340e+00 -3.341976e-01 1.338287e+00 -1.672484e+00 0.000000e+00
3.839430e+00 -3.294276e-01 1.334386e+00 -1.663814e+00 0.000000e+00
3.849519e+00 -3.244855e-01 1.330324e+00 -1.654810e+00 0.000000e+00
3.859609e+00 -3.193715e-01 1.326120e+00 -1.645492e+00 0.000000e+00
3.869699e+00 -3.140871e-01 1.321793e+00 -1.635881e+00 0.000000e+00
3.879788e+00 -3.086328e-01 1.317362e+00 -1.625995e+00 0.000000e+00
3.889878e+00 -3.030088e-01 1.312846e+00 -1.615854e+00 0.000000e+00
3.899968e+00 -2.972168e-01 1.308263e+00 -1.605479e+00 0.000000e+00
3.910057e+00 -2.912581e-01 1.303632e+00 -1.594890e+00 0.000000e+00
3.920147e+00 -2.851328e-01 1.298972e+00 -1.584104e+00 0.000000e+00
3.930237e+00 -2.788429e-01 1.294300e+00 -1.573143e+00 0.000000e+00
3.940326e+00 -2.723890e-01 1.289634e+00 -1.562023e+00 0.000000e+00
3.950416e+00 -2.657712e-01 1.284993e+00 -1.550764e+00 0.000000e+00
3.960505e+00 -2.589926e-01 1.280389e+00 -1.539382e+00 0.000000e+00
3.970595e+00 -2.520525e-01 1.275842e+00 -1.527894e+00 0.000000e+00
3.980685e+00 -2.449522e-01 1.271365e+00 -1.516317e+00 0.000000e+00
3.990774e+00 -2.376930e-01 1.266974e+00 -1.504667e+00 0.000000e+00
4.000866e+00 -2.302755e-01 1.262682e+00 -1.492958e+00 0.000000e+00
4.010880e+00 -2.227769e-01 1.258544e+00 -1.481321e+00 0.000000e+00
4.020893e+00 -2.151262e-01 1.254528e+00 -1.469654e+00 0.000000e+00
4.030907e+00 -2.073238e-01 1.250645e+00 -1.457969e+00 0.000000e+00
4.040920e+00 -1.993708e-01 1.246908e+00 -1.446278e+00 0.000000e+00
4.050934e+00 -1.912689e-01 1.243325e+00 -1.434593e+00 0.000000e+00
4.060947e+00 -1.830182e-01 1.239906e+00 -1.422924e+00 0.000000e+00
4.070961e+00 -1.746206e-01 1.236660e+00 -1.411281e+00 0.000000e+00
4.080975e+00 -1.660771e-01 1.233596e+00 -1.399673e+00 0.000000e+00
4.090988e+00 -1.573889e-01 1.230721e+00 -1.388110e+00 0.000000e+00
4.101002e+00 -1.485578e-01 1.228041e+00 -1.376599e+00 0.000000e+00
4.111015e+00 -1.395847e-01 1.225563e+00 -1.365147e+00 0.000000e+00
4.121029e+00 -1.304710e-01 1.223293e+00 -1.353764e+00 0.000000e+00
4.131042e+00 -1.212184e-01 1.221235e+00 -1.342454e+00 0.000000e+00
4.141056e+00 -1.118286e-01 1.219395e+00 -1.331224e+00 0.000000e+00
4.151070e+00 -1.023034e-01 1.217777e+00 -1.320080e+00 0.000000e+00
4.161083e+00 -9.264404e-02 1.216383e+00 -1.309027e+00 0.000000e+00
4.171097e+00 -8.285323e-02 1.215218e+00 -1.298071e+00 0.000000e+00
4.181110e+00 -7.293269e-02 1.214283e+00 -1.287216e+00 0.000000e+00
4.191124e+00 -6.288502e-02 1.213580e+00 -1.276465e+00 0.000000e+00
4.201138e+00 -5.271211e-02 1.213111e+00 -1.265823e+00 0.000000e+00
4.211151e+00 -4.241718e-02 1.212877e+00 -1.255294e+00 0.000000e+00
4.221165e+00 -3.200285e-02 1.212879e+00 -1.244882e+00 0.000000e+00
4.231178e+00 -2.147202e-02 1.213115e+00 -1.234587e+00 0.000000e+00
4.241192e+00 -1.082881e-02 1.213587e+00 -1.224416e+00 0.000000e+00
4.251205e+00 -7.595122e-05 1.214292e+00 -1.214368e+00 0.000000e+00
4.261219e+00 1.078182e-02 1.215230e+00 -1.204449e+00 0.000000e+00
4.271233e+00 2.174088e-02 1.216399e+00 -1.194658e+00 0.000000e+00
4.281246e+00 3.279608e-02 1.217795e+00 -1.184999e+00 0.000000e+00
4.291260e+00 4.394330e-02 1.219417e+00 -1.175474e+00 0.000000e+00
4.301273e+00 5.517673e-02 1.221260e+00 -1.166083e+00 0.000000e+00
4.311287e+00 6.649052e-02 1.223321e+00 -1.156830e+00 0.000000e+00
4.321301e+00 7.787830e-02 1.225595e+00 -1.147716e+00 0.000000e+00
4.331314e+00 8.933432e-02 1.228076e+00 -1.138742e+00 0.000000e+00
4.341328e+00 1.008500e-01 1.230760e+00 -1.129910e+00 0.000000e+00
4.351341e+00 1.124184e-01 1.233639e+00 -1.121221e+00 0.000000e+00
4.361355e+00 1.240316e-01 1.236708e+00 -1.112676e+00 0.000000e+00
4.371368e+00 1.356803e-01 1.239957e+00 -1.104277e+00 0.000000e+00
4.381382e+00 1.473558e-01 1.243380e+00 -1.096025e+00 0.000000e+00
4.391396e+00 1.590472e-01 1.246968e+00 -1.087920e+00 0.000000e+00
4.401409e+00 1.707446e-01 1.250710e+00 -1.079966e+00 0.000000e+00
4.411423e+00 1.824364e-01 1.254597e+00 -1.072161e+00 0.000000e+00
4.421436e+00 1.941108e-01 1.258619e+00 -1.064508e+00 0.000000e+00
4.431450e+00 2.057563e-01 1.262763e+00 -1.057007e+00 0.000000e+00
4.441463e+00 2.173585e-01 1.267018e+00 -1.049660e+00 0.000000e+00
4.451477e+00 2.289027e-01 1.271370e+00 -1.042468e+00 0.000000e+00
4.461491e+00 2.403761e-01 1.275807e+00 -1.035431e+00 0.000000e+00
4.471504e+00 2.517634e-01 1.280314e+00 -1.028550e+00 0.000000e+00
4.481518e+00 2.630482e-01 1.284876e+00 -1.021828e+00 0.000000e+00
4.491531e+00 2.742150e-01 1.289479e+00 -1.015264e+00 0.000000e+00
4.501545e+00 2.852441e-01 1.294104e+00 -1.008860e+00 0.000000e+00
4.511559e+00 2.961208e-01 1.298737e+00 -1.002616e+00 0.000000e+00
4.521572e+00 3.068256e-01 1.303360e+00 -9.965344e-01 0.000000e+00
4.531586e+00 3.173403e-01 1.307956e+00 -9.906154e-01 0.000000e+00
4.541599e+00 3.276476e-01 1.312507e+00 -9.848593e-01 0.000000e+00
4.551613e+00 3.377266e-01 1.316995e+00 -9.792683e-01 0.000000e+00
4.561626e+00 3.475594e-01 1.321402e+00 -9.738427e-01 0.000000e+00
4.571640e+00 3.571262e-01 1.325709e+00 -9.685832e-01 0.000000e+00
4.581654e+00 3.664078e-01 1.329898e+00 -9.634906e-01 0.000000e+00
4.591667e+00 3.753846e-01 1.333951e+00 -9.585665e-01 0.000000e+00
4.601681e+00 3.840380e-01 1.337849e+00 -9.538112e-01 0.000000e+00
4.611694e+00 3.923492e-01 1.341574e+00 -9.492253e-01 0.000000e+00
4.621708e+00 4.002998e-01 1.345109e+00 -9.448096e-01 0.000000e+00
4.631721e+00 4.078733e-01 1.348438e+00 -9.405647e-01 0.000000e+00
4.641735e+00 4.150532e-01 1.351544e+00 -9.364912e-01 0.000000e+00
4.651749e+00 4.218227e-01 1.354412e+00 -9.325896e-01 0.000000e+00
4.661762e+00 4.281678e-01 1.357028e+00 -9.288602e-01 0.000000e+00
4.671776e+00 4.340750e-01 1.359379e+00 -9.253036e-01 0.000000e+00
4.681789e+00 4.395306e-01 1.361451e+00 -9.219206e-01 0.000000e+00
4.691803e+00 4.445238e-01 1.363235e+00 -9.187115e-01 0.000000e+00
4.701817e+00 4.490461e-01 1.364721e+00 -9.156747e-01 0.000000e+00
4.711830e+00 4.530908e-01 1.365902e+00 -9.128113e-01 0.000000e+00
4.721844e+00 4.566478e-01 1.366769e+00 -9.101216e-01 0.000000e+00
4.731857e+00 4.597167e-01 1.367322e+00 -9.076050e-01 0.000000e+00
4.741871e+00 4.622919e-01 1.367554e+00 -9.052618e-01 0.000000e+00
4.751884e+00 4.643747e-01 1.367466e+00 -9.030910e-01 0.000000e+00
4.761898e+00 4.659645e-01 1.367057e+00 -9.010926e-01 0.000000e+00
4.771912e+00 4.670645e-01 1.366330e+00 -8.992659e-01 0.000000e+00
4.781925e+00 4.676787e-01 1.365289e+00 -8.976104e-01 0.000000e+00
4.791939e+00 4.678143e-01 1.363940e+00 -8.961253e-01 0.000000e+00
4.801952e+00 4.674788e-01 1.362288e+00 -8.948097e-01 0.000000e+00
4.811966e+00 4.666813e-01 1.360344e+00 -8.936631e-01 0.000000e+00
4.821980e+00 4.654332e-01 1.358118e+00 -8.926844e-01 0.000000e+00
4.831993e+00 4.637470e-01 1.355620e+00 -8.918725e-01 0.000000e+00
4.842007e+00 4.616375e-01 1.352864e+00 -8.912263e-01 0.000000e+00
4.852020e+00 4.591181e-01 1.349863e+00 -8.907447e-01 0.000000e+00
4.862034e+00 4.562054e-01 1.346632e+00 -8.904268e-01 0.000000e+00
4.872047e+00 4.529169e-01 1.343187e+00 -8.902706e-01 0.000000e+00
4.882061e+00 4.492700e-01 1.339545e+00 -8.902753e-01 0.000000e+00
4.892075e+00 4.452835e-01 1.335723e+00 -8.904390e-01 0.000000e+00
4.902088e+00 4.409771e-01 1.331738e+00 -8.907607e-01 0.000000e+00
4.912102e+00 4.363695e-01 1.327608e+00 -8.912385e-01 0.000000e+00
4.922115e+00 4.314808e-01 1.323352e+00 -8.918710e-01 0.000000e+00
4.932129e+00 4.263303e-01 1.318988e+00 -8.926578e-01 0.000000e+00
4.942142e+00 4.209385e-01 1.314534e+00 -8.935958e-01 0.000000e+00
4.952156e+00 4.153256e-01 1.310010e+00 -8.946840e-01 0.000000e+00
4.962170e+00 4.095104e-01 1.305432e+00 -8.959216e-01 0.000000e+00
4.972183e+00 4.035129e-01 1.300819e+00 -8.973061e-01 0.000000e+00
4.982197e+00 3.973529e-01 1.296189e+00 -8.988359e-01 0.000000e+00
4.992210e+00 3.910481e-01 1.291559e+00 -9.005106e-01 0.000000e+00
5.002224e+00 3.846185e-01 1.286946e+00 -9.023271e-01 0.000000e+00
5.012238e+00 3.780757e-01 1.282361e+00 -9.042854e-01 0.000000e+00
5.022251e+00 3.714468e-01 1.277829e+00 -9.063826e-01 0.000000e+00
5.032265e+00 3.647420e-01 1.273360e+00 -9.086184e-01 0.000000e+00
5.042278e+00 3.579784e-01 1.268969e+00 -9.109907e-01 0.000000e+00
5.052292e+00 3.511716e-01 1.264670e+00 -9.134980e-01 0.000000e+00
5.062305e+00 3.443344e-01 1.260474e+00 -9.161395e-01 0.000000e+00
5.072319e+00 3.374828e-01 1.256396e+00 -9.189136e-01 0.000000e+00
5.082333e+00 3.306296e-01 1.252448e+00 -9.218184e-01 0.000000e+00
5.092346e+00 3.237865e-01 1.248640e+00 -9.248532e-01 0.000000e+00
5.102360e+00 3.169657e-01 1.244982e+00 -9.280164e-01 0.000000e+00
5.112373e+00 3.101780e-01 1.241485e+00 -9.313068e-01 0.000000e+00
5.122387e+00 3.034336e-01 1.238157e+00 -9.347232e-01 0.000000e+00
5.132401e+00 2.967425e-01 1.235007e+00 -9.382642e-01 0.000000e+00
5.142414e+00 2.901138e-01 1.232042e+00 -9.419286e-01 0.000000e+00
5.152428e+00 2.835555e-01 1.229271e+00 -9.457156e-01 0.000000e+00
5.162441e+00 2.770752e-01 1.226699e+00 -9.496235e-01 0.000000e+00
5.172455e+00 2.706809e-01 1.224332e+00 -9.536510e-01 0.000000e+00
5.182468e+00 2.643784e-01 1.222176e+00 -9.577975e-01 0.000000e+00
5.192482e+00 2.581750e-01 1.220237e+00 -9.620615e-01 0.000000e+00
5.202496e+00 2.520744e-01 1.218516e+00 -9.664417e-01 0.000000e+00
5.212509e+00 2.460820e-01 1.217019e+00 -9.709372e-01 0.000000e+00
5.222523e+00 2.402027e-01 1.215749e+00 -9.755464e-01 0.000000e+00
5.232536e+00 2.344400e-01 1.214708e+00 -9.802684e-01 0.000000e+00
5.242550e+00 2.287979e-01 1.213900e+00 -9.851016e-01 0.000000e+00
5.252563e+00 2.232789e-01 1.213324e+00 -9.900449e-01 0.000000e+00
5.262577e+00 2.178862e-01 1.212983e+00 -9.950964e-01 0.000000e+00
5.272591e+00 2.126213e-01 1.212877e+00 -1.000255e+00 0.000000e+00
5.282604e+00 2.074863e-01 1.213006e+00 -1.005520e+00 0.000000e+00
5.292618e+00 2.024825e-01 1.213371e+00 -1.010888e+00 0.000000e+00
5.302631e+00 1.976107e-01 1.213970e+00 -1.016359e+00 0.000000e+00
5.312645e+00 1.928716e-01 1.214802e+00 -1.021931e+00 0.000000e+00
5.322659e+00 1.882650e-01 1.215866e+00 -1.027601e+00 0.000000e+00
5.332672e+00 1.837911e-01 1.217159e+00 -1.033368e+00 0.000000e+00
5.342686e+00 1.794488e-01 1.218677e+00 -1.039229e+00 0.000000e+00
5.352699e+00 1.752385e-01 1.220420e+00 -1.045182e+00 0.000000e+00
5.362713e+00 1.711572e-01 1.222382e+00 -1.051225e+00 0.000000e+00
5.372726e+00 1.672038e-01 1.224559e+00 -1.057355e+00 0.000000e+00
5.382740e+00 1.633767e-01 1.226946e+00 -1.063569e+00 0.000000e+00
5.392754e+00 1.596725e-01 1.229537e+00 -1.069865e+00 0.000000e+00
5.402767e+00 1.560889e-01 1.232327e+00 -1.076238e+00 0.000000e+00
5.412781e+00 1.526232e-01 1.235309e+00 -1.082686e+00 0.000000e+00
5.422794e+00 1.492712e-01 1.238476e+00 -1.089204e+00 0.000000e+00
5.432808e+00 1.460294e-01 1.241819e+00 -1.095790e+00 0.000000e+00
5.442822e+00 1.428935e-01 1.245331e+00 -1.102438e+00 0.000000e+00
5.452835e+00 1.398584e-01 1.249002e+00 -1.109144e+00 0.000000e+00
5.462849e+00 1.369188e-01 1.252822e+00 -1.115904e+00 0.000000e+00
5.472862e+00 1.340697e-01 1.256782e+00 -1.122712e+00 0.000000e+00
5.482876e+00 1.313055e-01 1.260868e+00 -1.129563e+00 0.000000e+00
5.492889e+00 1.286189e-01 1.265070e+00 -1.136451e+00 0.000000e+00
5.502903e+00 1.260050e-01 1.269376e+00 -1.143371e+00 0.000000e+00
5.512917e+00 1.234556e-01 1.273772e+00 -1.150316e+00 0.000000e+00
5.522930e+00 1.209641e-01 1.278244e+00 -1.157280e+00 0.000000e+00
5.532944e+00 1.185221e-01 1.282777e+00 -1.164255e+00 0.000000e+00
5.542957e+00 1.161228e-01 1.287358e+00 -1.171236e+00 0.000000e+00
5.552971e+00 1.137567e-01 1.291970e+00 -1.178213e+00 0.000000e+00
5.562984e+00 1.114145e-01 1.296596e+00 -1.185181e+00 0.000000e+00
5.572998e+00 1.090885e-01 1.301219e+00 -1.192131e+00 0.000000e+00
5.583012e+00 1.067689e-01 1.305823e+00 -1.199054e+00 0.000000e+00
5.593025e+00 1.044467e-01 1.310390e+00 -1.205944e+00 0.000000e+00
5.603039e+00 1.021128e-01 1.314903e+00 -1.212790e+00 0.000000e+00
5.613052e+00 9.975603e-02 1.319341e+00 -1.219585e+00 0.000000e+00
5.623066e+00 9.736714e-02 1.323688e+00 -1.226321e+00 0.000000e+00
5.633080e+00 9.493697e-02 1.327925e+00 -1.232988e+00 0.000000e+00
5.643093e+00 9.245516e-02 1.332034e+00 -1.239579e+00 0.000000e+00
5.653107e+00 8.991180e-02 1.335996e+00 -1.246085e+00 0.000000e+00
5.663120e+00 8.729722e-02 1.339794e+00 -1.252496e+00 0.000000e+00
5.673134e+00 8.460209e-02 1.343409e+00 -1.258807e+00 0.000000e+00
5.683147e+00 8.181739e-02 1.346826e+00 -1.265008e+00 0.000000e+00
5.693161e+00 7.893338e-02 1.350026e+00 -1.271093e+00 0.000000e+00
5.703175e+00 7.594351e-02 1.352995e+00 -1.277052e+00 0.000000e+00
5.713188e+00 7.283628e-02 1.355718e+00 -1.282882e+00 0.000000e+00
5.723202e+00 6.960692e-02 1.358182e+00 -1.288575e+00 0.000000e+00
5.733215e+00 6.624699e-02 1.360373e+00 -1.294126e+00 0.000000e+00
5.743229e+00 6.275105e-02 1.362281e+00 -1.299530e+00 0.000000e+00
5.753242e+00 5.911235e-02 1.363895e+00 -1.304783e+00 0.000000e+00
5.763256e+00 5.532574e-02 1.365207e+00 -1.309881e+00 0.000000e+00
5.773270e+00 5.138707e-02 1.366209e+00 -1.314822e+00 0.000000e+00
5.783283e+00 4.729324e-02 1.366896e+00 -1.319603e+00 0.000000e+00
5.793297e+00 4.304258e-02 1.367267e+00 -1.324224e+00 0.000000e+00
5.803310e+00 3.863171e-02 1.367316e+00 -1.328685e+00 0.000000e+00
5.813324e+00 3.406113e-02 1.367046e+00 -1.332985e+00 0.000000e+00
5.823338e+00 2.932980e-02 1.366457e+00 -1.337127e+00 0.000000e+00
5.833351e+00 2.443714e-02 1.365550e+00 -1.341113e+00 0.000000e+00
5.843365e+00 1.938751e-02 1.364334e+00 -1.344947e+00 0.000000e+00
5.853378e+00 1.418290e-02 1.362814e+00 -1.348631e+00 0.000000e+00
5.863392e+00 8.826040e-03 1.360997e+00 -1.352171e+00 0.000000e+00
5.873405e+00 3.320202e-03 1.358893e+00 -1.355572e+00 0.000000e+00
5.883419e+00 -2.329536e-03 1.356512e+00 -1.358842e+00 0.000000e+00
5.893433e+00 -8.117430e-03 1.353868e+00 -1.361986e+00 0.000000e+00
5.903446e+00 -1.403735e-02 1.350974e+00 -1.365011e+00 0.000000e+00
5.913460e+00 -2.008354e-02 1.347843e+00 -1.367927e+00 0.000000e+00
5.923473e+00 -2.624866e-02 1.344492e+00 -1.370741e+00 0.000000e+00
5.933487e+00 -3.252491e-02 1.340937e+00 -1.373462e+00 0.000000e+00
5.943501e+00 -3.890596e-02 1.337194e+00 -1.376100e+00 0.000000e+00
5.953514e+00 -4.538326e-02 1.333280e+00 -1.378664e+00 0.000000e+00
5.963528e+00 -5.194832e-02 1.329214e+00 -1.381163e+00 0.000000e+00
5.973541e+00 -5.859239e-02 1.325014e+00 -1.383607e+00 0.000000e+00
5.983555e+00 -6.530785e-02 1.320698e+00 -1.386006e+00 0.000000e+00
5.993568e+00 -7.208530e-02 1.316285e+00 -1.388370e+00 0.000000e+00
6.003582e+00 -7.891738e-02 1.311792e+00 -1.390709e+00 0.000000e+00
6.013596e+00 -8.579455e-02 1.307238e+00 -1.393033e+00 0.000000e+00
6.023609e+00 -9.270824e-02 1.302642e+00 -1.395350e+00 0.000000e+00
6.033623e+00 -9.965117e-02 1.298020e+00 -1.397671e+00 0.000000e+00
6.043636e+00 -1.066131e-01 1.293392e+00 -1.400005e+00 0.000000e+00
6.053650e+00 -1.135894e-01 1.288772e+00 -1.402361e+00 0.000000e+00
6.063663e+00 -1.205706e-01 1.284177e+00 -1.404747e+00 0.000000e+00
6.073677e+00 -1.275492e-01 1.279624e+00 -1.407173e+00 0.000000e+00
6.083691e+00 -1.345169e-01 1.275129e+00 -1.409646e+00 0.000000e+00
6.093704e+00 -1.414691e-01 1.270705e+00 -1.412174e+00 0.000000e+00
6.103718e+00 -1.483978e-01 1.266367e+00 -1.414765e+00 0.000000e+00
6.113731e+00 -1.552962e-01 1.262128e+00 -1.417425e+00 0.000000e+00
6.123745e+00 -1.621590e-01 1.258002e+00 -1.420161e+00 0.000000e+00
6.133759e+00 -1.689817e-01 1.253998e+00 -1.422980e+00 0.000000e+00
6.143772e+00 -1.757575e-01 1.250130e+00 -1.425888e+00 0.000000e+00
6.153786e+00 -1.824811e-01 1.246408e+00 -1.428889e+00 0.000000e+00
6.163799e+00 -1.891485e-01 1.242842e+00 -1.431990e+00 0.000000e+00
6.173813e+00 -1.957543e-01 1.239441e+00 -1.435195e+00 0.000000e+00
6.183826e+00 -2.022944e-01 1.236214e+00 -1.438509e+00 0.000000e+00
6.193840e+00 -2.087646e-01 1.233170e+00 -1.441934e+00 0.000000e+00
6.203854e+00 -2.151626e-01 1.230315e+00 -1.445477e+00 0.000000e+00
6.213867e+00 -2.214834e-01 1.227656e+00 -1.449140e+00 0.000000e+00
6.223881e+00 -2.277236e-01 1.225200e+00 -1.452924e+00 0.000000e+00
6.233894e+00 -2.338807e-01 1.222953e+00 -1.456834e+00 0.000000e+00
6.243908e+00 -2.399515e-01 1.220919e+00 -1.460870e+00 0.000000e+00
6.253922e+00 -2.459338e-01 1.219103e+00 -1.465036e+00 0.000000e+00
6.263935e+00 -2.518243e-01 1.217508e+00 -1.469332e+00 0.000000e+00
6.273949e+00 -2.576213e-01 1.216139e+00 -1.473760e+00 0.000000e+00
6.283962e+00 -2.633224e-01 1.214998e+00 -1.478320e+00 0.000000e+00
6.293976e+00 -2.689254e-01 1.214088e+00 -1.483013e+00 0.000000e+00
6.303989e+00 -2.744286e-01 1.213410e+00 -1.487838e+00 0.000000e+00
6.314003e+00 -2.798301e-01 1.212966e+00 -1.492796e+00 0.000000e+00
6.324017e+00 -2.851279e-01 1.212756e+00 -1.497884e+00 0.000000e+00
6.334030e+00 -2.903204e-01 1.212783e+00 -1.503103e+00 0.000000e+00
6.344044e+00 -2.954066e-01 1.213044e+00 -1.508450e+00 0.000000e+00
6.354057e+00 -3.003846e-01 1.213540e+00 -1.513924e+00 0.000000e+00
6.364071e+00 -3.052531e-01 1.214269e+00 -1.519522e+00 0.000000e+00
6.374084e+00 -3.100106e-01 1.215231e+00 -1.525241e+00 0.000000e+00
6.384098e+00 -3.146559e-01 1.216422e+00 -1.531078e+00 0.000000e+00
6.394112e+00 -3.191880e-01 1.217841e+00 -1.537029e+00 0.000000e+00
6.404125e+00 -3.236062e-01 1.219484e+00 -1.543091e+00 0.000000e+00
6.414139e+00 -3.279068e-01 1.221350e+00 -1.549256e+00 0.000000e+00
6.424152e+00 -3.320913e-01 1.223431e+00 -1.555522e+00 0.000000e+00
6.434166e+00 -3.361572e-01 1.225724e+00 -1.561881e+00 0.000000e+00
6.444180e+00 -3.401039e-01 1.228225e+00 -1.568328e+00 0.000000e+00
6.454193e+00 -3.439293e-01 1.230926e+00 -1.574856e+00 0.000000e+00
6.464207e+00 -3.476333e-01 1.233823e+00 -1.581456e+00 0.000000e+00
6.474220e+00 -3.512145e-01 1.236907e+00 -1.588121e+00 0.000000e+00
6.484234e+00 -3.546713e-01 1.240171e+00 -1.594842e+00 0.000000e+00
6.494247e+00 -3.580025e-01 1.243608e+00 -1.601610e+00 0.000000e+00
6.504261e+00 -3.612071e-01 1.247207e+00 -1.608414e+00 0.000000e+00
6.514275e+00 -3.642838e-01 1.250960e+00 -1.615244e+00 0.000000e+00
6.524288e+00 -3.672311e-01 1.254857e+00 -1.622088e+00 0.000000e+00
6.534302e+00 -3.700475e-01 1.258886e+00 -1.628934e+00 0.000000e+00
6.544315e+00 -3.727326e-01 1.263036e+00 -1.635769e+00 0.000000e+00
6.554329e+00 -3.752837e-01 1.267296e+00 -1.642579e+00 0.000000e+00
6.564342e+00 -3.777004e-01 1.271650e+00 -1.649351e+00 0.000000e+00
6.574356e+00 -3.799815e-01 1.276088e+00 -1.656069e+00 0.000000e+00
6.584370e+00 -3.821248e-01 1.280593e+00 -1.662718e+00 0.000000e+00
6.594383e+00 -3.841320e-01 1.285148e+00 -1.669280e+00 0.000000e+00
6.604397e+00 -3.859971e-01 1.289744e+00 -1.675741e+00 0.000000e+00
6.614410e+00 -3.877189e-01 1.294362e+00 -1.682081e+00 0.000000e+00
6.624424e+00 -3.892972e-01 1.298985e+00 -1.688282e+00 0.000000e+00
6.634438e+00 -3.907305e-01 1.303597e+00 -1.694327e+00 0.000000e+00
6.644451e+00 -3.920169e-01 1.308179e+00 -1.700196e+00 0.000000e+00
6.654465e+00 -3.931557e-01 1.312714e+00 -1.705870e+00 0.000000e+00
6.664478e+00 -3.941446e-01 1.317185e+00 -1.711329e+00 0.000000e+00
6.674492e+00 -3.949821e-01 1.321572e+00 -1.716554e+00 0.000000e+00
6.684505e+00 -3.956672e-01 1.325857e+00 -1.721524e+00 0.000000e+00
6.694519e+00 -3.961980e-01 1.330022e+00 -1.726220e+00 0.000000e+00
6.704533e+00 -3.965731e-01 1.334048e+00 -1.730622e+00 0.000000e+00
6.714546e+00 -3.967909e-01 1.337918e+00 -1.734709e+00 0.000000e+00
6.724560e+00 -3.968501e-01 1.341614e+00 -1.738464e+00 0.000000e+00
6.734573e+00 -3.967488e-01 1.345118e+00 -1.741867e+00 0.000000e+00
6.744587e+00 -3.964869e-01 1.348414e+00 -1.744901e+00 0.000000e+00
6.754601e+00 -3.960631e-01 1.351485e+00 -1.747548e+00 0.000000e+00
6.764614e+00 -3.954752e-01 1.354317e+00 -1.749792e+00 0.000000e+00
6.774628e+00 -3.947210e-01 1.356896e+00 -1.751617e+00 0.000000e+00
6.784641e+00 -3.937997e-01 1.359208e+00 -1.753008e+00 0.000000e+00
6.794655e+00 -3.927116e-01 1.361242e+00 -1.753953e+00 0.000000e+00
6.804668e+00 -3.914548e-01 1.362987e+00 -1.754441e+00 0.000000e+00
6.814682e+00 -3.900293e-01 1.364433e+00 -1.754462e+00 0.000000e+00
6.824696e+00 -3.884334e-01 1.365573e+00 -1.754007e+00 0.000000e+00
6.834709e+00 -3.866659e-01 1.366402e+00 -1.753068e+00 0.000000e+00
6.844723e+00 -3.847278e-01 1.366914e+00 -1.751642e+00 0.000000e+00
6.854736e+00 -3.826177e-01 1.367106e+00 -1.749724e+00 0.000000e+00
6.864750e+00 -3.803349e-01 1.366979e+00 -1.747314e+00 0.000000e+00
6.874763e+00 -3.778794e-01 1.366533e+00 -1.744412e+00 0.000000e+00
6.884777e+00 -3.752514e-01 1.365768e+00 -1.741020e+00 0.000000e+00
6.894791e+00 -3.724497e-01 1.364691e+00 -1.737141e+00 0.000000e+00
6.904804e+00 -3.694759e-01 1.363305e+00 -1.732781e+00 0.000000e+00
6.914818e+00 -3.663268e-01 1.361621e+00 -1.727948e+00 0.000000e+00
6.924831e+00 -3.630051e-01 1.359646e+00 -1.722651e+00 0.000000e+00
6.934845e+00 -3.595107e-01 1.357389e+00 -1.716900e+00 0.000000e+00
6.944859e+00 -3.558432e-01 1.354863e+00 -1.710706e+00 0.000000e+00
6.954872e+00 -3.520018e-01 1.352082e+00 -1.704084e+00 0.000000e+00
6.964886e+00 -3.479879e-01 1.349058e+00 -1.697046e+00 0.000000e+00
6.974899e+00 -3.438034e-01 1.345806e+00 -1.689609e+00 0.000000e+00
6.984913e+00 -3.394481e-01 1.342343e+00 -1.681791e+00 0.000000e+00
6.994926e+00 -3.349224e-01 1.338684e+00 -1.673607e+00 0.000000e+00
7.004940e+00 -3.302262e-01 1.334848e+00 -1.665074e+00 0.000000e+00
7.014954e+00 -3.253615e-01 1.330852e+00 -1.656213e+00 0.000000e+00
7.024967e+00 -3.203286e-01 1.326713e+00 -1.647041e+00 0.000000e+00
7.034981e+00 -3.151283e-01 1.322450e+00 -1.637578e+00 0.000000e+00
7.044994e+00 -3.097612e-01 1.318082e+00 -1.627843e+00 0.000000e+00
7.055008e+00 -3.042285e-01 1.313626e+00 -1.617854e+00 0.000000e+00
7.065022e+00 -2.985312e-01 1.309101e+00 -1.607632e+00 0.000000e+00
7.075035e+00 -2.926694e-01 1.304526e+00 -1.597196e+00 0.000000e+00
7.085049e+00 -2.866442e-01 1.299918e+00 -1.586562e+00 0.000000e+00
7.095062e+00 -2.804580e-01 1.295295e+00 -1.575753e+00 0.000000e+00
7.105076e+00 -2.741104e-01 1.290673e+00 -1.564783e+00 0.000000e+00
7.115089e+00 -2.676022e-01 1.286070e+00 -1.553672e+00 0.000000e+00
7.125103e+00 -2.609321e-01 1.281505e+00 -1.542437e+00 0.000000e+00
7.135117e+00 -2.541070e-01 1.276986e+00 -1.531093e+00 0.000000e+00
7.145130e+00 -2.471243e-01 1.272533e+00 -1.519657e+00 0.000000e+00
7.155144e+00 -2.399864e-01 1.268159e+00 -1.508145e+00 0.000000e+00
7.165157e+00 -2.326931e-01 1.263878e+00 -1.496571e+00 0.000000e+00
7.175171e+00 -2.252467e-01 1.259702e+00 -1.484949e+00 0.000000e+00
7.185184e+00 -2.176467e-01 1.255646e+00 -1.473293e+00 0.000000e+00
7.195198e+00 -2.098947e-01 1.251720e+00 -1.461615e+00 0.000000e+00
7.205212e+00 -2.019921e-01 1.247935e+00 -1.449928e+00 0.000000e+00
7.215225e+00 -1.939398e-01 1.244302e+00 -1.438242e+00 0.000000e+00
7.225239e+00 -1.857393e-01 1.240830e+00 -1.426569e+00 0.000000e+00
7.235252e+00 -1.773909e-01 1.237528e+00 -1.414919e+00 0.000000e+00
7.245266e+00 -1.688970e-01 1.234405e+00 -1.403302e+00 0.000000e+00
7.255280e+00 -1.602574e-01 1.231468e+00 -1.391725e+00 0.000000e+00
7.265293e+00 -1.514743e-01 1.228724e+00 -1.380199e+00 0.000000e+00
7.275307e+00 -1.425495e-01 1.226181e+00 -1.368730e+00 0.000000e+00
7.285320e+00 -1.334835e-01 1.223843e+00 -1.357326e+00 0.000000e+00
7.295334e+00 -1.242785e-01 1.221716e+00 -1.345994e+00 0.000000e+00
7.305347e+00 -1.149361e-01 1.219805e+00 -1.334741e+00 0.000000e+00
7.315361e+00 -1.054565e-01 1.218114e+00 -1.323570e+00 0.000000e+00
7.325375e+00 -9.584346e-02 1.216647e+00 -1.312490e+00 0.000000e+00
7.335388e+00 -8.609809e-02 1.215406e+00 -1.301505e+00 0.000000e+00
7.345402e+00 -7.622252e-02 1.214396e+00 -1.290618e+00 0.000000e+00
7.355415e+00 -6.621894e-02 1.213617e+00 -1.279836e+00 0.000000e+00
7.365429e+00 -5.609000e-02 1.213071e+00 -1.269161e+00 0.000000e+00
7.375443e+00 -4.583785e-02 1.212760e+00 -1.258598e+00 0.000000e+00
7.385456e+00 -3.546554e-02 1.212684e+00 -1.248149e+00 0.000000e+00
7.395470e+00 -2.497622e-02 1.212843e+00 -1.237819e+00 0.000000e+00
7.405483e+00 -1.437290e-02 1.213237e+00 -1.227610e+00 0.000000e+00
7.415497e+00 -3.659144e-03 1.213865e+00 -1.217524e+00 0.000000e+00
7.425510e+00 7.160768e-03 1.214725e+00 -1.207565e+00 0.000000e+00
7.435524e+00 1.808311e-02 1.215817e+00 -1.197734e+00 0.000000e+00
7.445538e+00 2.910334e-02 1.217138e+00 -1.188034e+00 0.000000e+00
7.455551e+00 4.021624e-02 1.218684e+00 -1.178468e+00 0.000000e+00
7.465565e+00 5.141766e-02 1.220453e+00 -1.169035e+00 0.000000e+00
7.475578e+00 6.270099e-02 1.222441e+00 -1.159740e+00 0.000000e+00
7.485592e+00 7.406075e-02 1.224643e+00 -1.150582e+00 0.000000e+00
7.495605e+00 8.548985e-02 1.227055e+00 -1.141565e+00 0.000000e+00
7.505619e+00 9.698240e-02 1.229670e+00 -1.132688e+00 0.000000e+00
7.515633e+00 1.085294e-01 1.232483e+00 -1.123954e+00 0.000000e+00
7.525646e+00 1.201236e-01 1.235487e+00 -1.115364e+00 0.000000e+00
7.535660e+00 1.317562e-01 1.238675e+00 -1.106919e+00 0.000000e+00
7.545673e+00 1.434184e-01 1.242039e+00 -1.098621e+00 0.000000e+00
7.555687e+00 1.550998e-01 1.245570e+00 -1.090470e+00 0.000000e+00
7.565701e+00 1.667903e-01 1.249258e+00 -1.082468e+00 0.000000e+00
7.575714e+00 1.784793e-01 1.253095e+00 -1.074616e+00 0.000000e+00
7.585728e+00 1.901553e-01 1.257070e+00 -1.066915e+00 0.000000e+00
7.595741e+00 2.018055e-01 1.261171e+00 -1.059366e+00 0.000000e+00
7.605755e+00 2.134161e-01 1.265387e+00 -1.051971e+00 0.000000e+00
7.615768e+00 2.249745e-01 1.269704e+00 -1.044729e+00 0.000000e+00
7.625782e+00 2.364669e-01 1.274110e+00 -1.037643e+00 0.000000e+00
7.635796e+00 2.478767e-01 1.278590e+00 -1.030713e+00 0.000000e+00
7.645809e+00 2.591887e-01 1.283129e+00 -1.023941e+00 0.000000e+00
7.655823e+00 2.703880e-01 1.287714e+00 -1.017327e+00 0.000000e+00
7.665836e+00 2.814576e-01 1.292329e+00 -1.010872e+00 0.000000e+00
7.675850e+00 2.923797e-01 1.296956e+00 -1.004577e+00 0.000000e+00
7.685863e+00 3.031365e-01 1.301580e+00 -9.984432e-01 0.000000e+00
7.695877e+00 3.137089e-01 1.306181e+00 -9.924722e-01 0.000000e+00
7.705891e+00 3.240799e-01 1.310744e+00 -9.866640e-01 0.000000e+00
7.715904e+00 3.342295e-01 1.315250e+00 -9.810203e-01 0.000000e+00
7.725918e+00 3.441389e-01 1.319681e+00 -9.755419e-01 0.000000e+00
7.735931e+00 3.537893e-01 1.324018e+00 -9.702292e-01 0.000000e+00
7.745945e+00 3.631604e-01 1.328244e+00 -9.650833e-01 0.000000e+00
7.755959e+00 3.722333e-01 1.332338e+00 -9.601050e-01 0.000000e+00
7.765972e+00 3.809894e-01 1.336285e+00 -9.552955e-01 0.000000e+00
7.775986e+00 3.894098e-01 1.340065e+00 -9.506551e-01 0.000000e+00
7.785999e+00 3.974763e-01 1.343661e+00 -9.461845e-01 0.000000e+00
7.796013e+00 4.051716e-01 1.347056e+00 -9.418844e-01 0.000000e+00
7.806026e+00 4.124784e-01 1.350234e+00 -9.377556e-01 0.000000e+00
7.816040e+00 4.193810e-01 1.353179e+00 -9.337985e-01 0.000000e+00
7.826054e+00 4.258634e-01 1.355877e+00 -9.300135e-01 0.000000e+00
7.836067e+00 4.319125e-01 1.358313e+00 -9.264010e-01 0.000000e+00
7.846081e+00 4.375151e-01 1.360477e+00 -9.229615e-01 0.000000e+00
7.856094e+00 4.426591e-01 1.362355e+00 -9.196956e-01 0.000000e+00
7.866108e+00 4.473357e-01 1.363938e+00 -9.166024e-01 0.000000e+00
7.876122e+00 4.515375e-01 1.365220e+00 -9.136827e-01 0.000000e+00
7.886135e+00 4.552559e-01 1.366193e+00 -9.109366e-01 0.000000e+00
7.896149e+00 4.584859e-01 1.366850e+00 -9.083638e-01 0.000000e+00
7.906162e+00 4.612237e-01 1.367188e+00 -9.059640e-01 0.000000e+00
7.916176e+00 4.634692e-01 1.367206e+00 -9.037370e-01 0.000000e+00
7.926189e+00 4.652222e-01 1.366905e+00 -9.016823e-01 0.000000e+00
7.936203e+00 4.664840e-01 1.366284e+00 -8.997997e-01 0.000000e+00
7.946217e+00 4.672613e-01 1.365349e+00 -8.980881e-01 0.000000e+00
7.956230e+00 4.675543e-01 1.364102e+00 -8.965475e-01 0.000000e+00
7.966244e+00 4.673752e-01 1.362552e+00 -8.951765e-01 0.000000e+00
7.976257e+00 4.667318e-01 1.360706e+00 -8.939744e-01 0.000000e+00
7.986271e+00 4.656344e-01 1.358575e+00 -8.929405e-01 0.000000e+00
7.996284e+00 4.640949e-01 1.356169e+00 -8.920738e-01 0.000000e+00
8.006298e+00 4.621272e-01 1.353500e+00 -8.913731e-01 0.000000e+00
8.016312e+00 4.597463e-01 1.350584e+00 -8.908374e-01 0.000000e+00
8.026325e+00 4.569663e-01 1.347432e+00 -8.904656e-01 0.000000e+00
8.036339e+00 4.538050e-01 1.344061e+00 -8.902560e-01 0.000000e+00
8.046352e+00 4.502793e-01 1.340487e+00 -8.902078e-01 0.000000e+00
8.056366e+00 4.464085e-01 1.336728e+00 -8.903192e-01 0.000000e+00
8.066380e+00 4.422108e-01 1.332800e+00 -8.905888e-01 0.000000e+00
8.076393e+00 4.377061e-01 1.328721e+00 -8.910150e-01 0.000000e+00
8.086407e+00 4.329145e-01 1.324511e+00 -8.915963e-01 0.000000e+00
8.096420e+00 4.278544e-01 1.320186e+00 -8.923321e-01 0.000000e+00
8.106434e+00 4.225463e-01 1.315767e+00 -8.932202e-01 0.000000e+00
8.116447e+00 4.170105e-01 1.311269e+00 -8.942589e-01 0.000000e+00
8.126461e+00 4.112666e-01 1.306713e+00 -8.954465e-01 0.000000e+00
8.136475e+00 4.053341e-01 1.302116e+00 -8.967824e-01 0.000000e+00
8.146488e+00 3.992324e-01 1.297496e+00 -8.982640e-01 0.000000e+00
8.156502e+00 3.929800e-01 1.292870e+00 -8.998904e-01 0.000000e+00
8.166515e+00 3.865955e-01 1.288255e+00 -9.016598e-01 0.000000e+00
8.176529e+00 3.800956e-01 1.283666e+00 -9.035709e-01 0.000000e+00
8.186543e+00 3.735010e-01 1.279123e+00 -9.056219e-01 0.000000e+00
8.196556e+00 3.668247e-01 1.274637e+00 -9.078119e-01 0.000000e+00
8.206570e+00 3.600854e-01 1.270224e+00 -9.101385e-01 0.000000e+00
8.216583e+00 3.532968e-01 1.265898e+00 -9.126013e-01 0.000000e+00
8.226597e+00 3.464752e-01 1.261673e+00 -9.151982e-01 0.000000e+00
8.236610e+00 3.396334e-01 1.257561e+00 -9.179279e-01 0.000000e+00
8.246624e+00 3.327850e-01 1.253574e+00 -9.207893e-01 0.000000e+00
8.256638e+00 3.259429e-01 1.249724e+00 -9.237807e-01 0.000000e+00
8.266651e+00 3.191191e-01 1.246020e+00 -9.269010e-01 0.000000e+00
8.276665e+00 3.123243e-01 1.242473e+00 -9.301491e-01 0.000000e+00
8.286678e+00 3.055696e-01 1.239093e+00 -9.335236e-01 0.000000e+00
8.296692e+00 2.988646e-01 1.235888e+00 -9.370232e-01 0.000000e+00
8.306705e+00 2.922191e-01 1.232866e+00 -9.406465e-01 0.000000e+00
8.316719e+00 2.856409e-01 1.230034e+00 -9.443926e-01 0.000000e+00
8.326733e+00 2.791388e-01 1.227399e+00 -9.482599e-01 0.000000e+00
8.336746e+00 2.727190e-01 1.224967e+00 -9.522483e-01 0.000000e+00
8.346760e+00 2.663897e-01 1.222745e+00 -9.563551e-01 0.000000e+00
8.356773e+00 2.601560e-01 1.220736e+00 -9.605801e-01 0.000000e+00
8.366787e+00 2.540238e-01 1.218946e+00 -9.649217e-01 0.000000e+00
8.376801e+00 2.479987e-01 1.217377e+00 -9.693786e-01 0.000000e+00
8.386814e+00 2.420850e-01 1.216035e+00 -9.739500e-01 0.000000e+00
8.396828e+00 2.362867e-01 1.214921e+00 -9.786344e-01 0.000000e+00
8.406841e+00 2.306077e-01 1.214038e+00 -9.834305e-01 0.000000e+00
8.416855e+00 2.250507e-01 1.213388e+00 -9.883372e-01 0.000000e+00
8.426868e+00 2.196186e-01 1.212972e+00 -9.933531e-01 0.000000e+00
8.436882e+00 2.143140e-01 1.212791e+00 -9.984766e-01 0.000000e+00
8.446896e+00 2.091387e-01 1.212845e+00 -1.003706e+00 0.000000e+00
8.456909e+00 2.040936e-01 1.213134e+00 -1.009040e+00 0.000000e+00
8.466923e+00 1.991805e-01 1.213658e+00 -1.014477e+00 0.000000e+00
8.476936e+00 1.943998e-01 1.214416e+00 -1.020016e+00 0.000000e+00
8.486950e+00 1.897520e-01 1.215405e+00 -1.025653e+00 0.000000e+00
8.496964e+00 1.852365e-01 1.216625e+00 -1.031388e+00 0.000000e+00
8.506977e+00 1.808531e-01 1.218071e+00 -1.037218e+00 0.000000e+00
8.516991e+00 1.766013e-01 1.219743e+00 -1.043141e+00 0.000000e+00
8.527004e+00 1.724781e-01 1.221633e+00 -1.049155e+00 0.000000e+00
8.537018e+00 1.684848e-01 1.223741e+00 -1.055257e+00 0.000000e+00
8.547031e+00 1.646178e-01 1.226061e+00 -1.061443e+00 0.000000e+00
8.557045e+00 1.608747e-01 1.228587e+00 -1.067712e+00 0.000000e+00
8.567059e+00 1.572534e-01 1.231314e+00 -1.074061e+00 0.000000e+00
8.577072e+00 1.537511e-01 1.234236e+00 -1.080484e+00 0.000000e+00
8.587086e+00 1.503635e-01 1.237344e+00 -1.086980e+00 0.000000e+00
8.597099e+00 1.470875e-01 1.240632e+00 -1.093545e+00 0.000000e+00
8.607113e+00 1.439185e-01 1.244091e+00 -1.100173e+00 0.000000e+00
8.617126e+00 1.408518e-01 1.247713e+00 -1.106861e+00 0.000000e+00
8.627140e+00 1.378829e-01 1.251487e+00 -1.113604e+00 0.000000e+00
8.637154e+00 1.350062e-01 1.255404e+00 -1.120398e+00 0.000000e+00
8.647167e+00 1.322163e-01 1.259452e+00 -1.127236e+00 0.000000e+00
8.657181e+00 1.295071e-01 1.263620e+00 -1.134113e+00 0.000000e+00
8.667194e+00 1.268714e-01 1.267896e+00 -1.141024e+00 0.000000e+00
8.677208e+00 1.243032e-01 1.272266e+00 -1.147963e+00 0.000000e+00
8.687222e+00 1.217948e-01 1.276717e+00 -1.154922e+00 0.000000e+00
8.697235e+00 1.193392e-01 1.281235e+00 -1.161896e+00 0.000000e+00
8.707249e+00 1.169296e-01 1.285806e+00 -1.168877e+00 0.000000e+00
8.717262e+00 1.145542e-01 1.290412e+00 -1.175857e+00 0.000000e+00
8.727276e+00 1.122072e-01 1.295038e+00 -1.182831e+00 0.000000e+00
8.737289e+00 1.098787e-01 1.299668e+00 -1.189789e+00 0.000000e+00
8.747303e+00 1.075599e-01 1.304283e+00 -1.196723e+00 0.000000e+00
8.757317e+00 1.052413e-01 1.308868e+00 -1.203627e+00 0.000000e+00
8.767330e+00 1.029139e-01 1.313404e+00 -1.210490e+00 0.000000e+00
8.777344e+00 1.005675e-01 1.317873e+00 -1.217305e+00 0.000000e+00
8.787357e+00 9.819259e-02 1.322256e+00 -1.224064e+00 0.000000e+00
8.797371e+00 9.577908e-02 1.326536e+00 -1.230757e+00 0.000000e+00
8.807384e+00 9.331730e-02 1.330693e+00 -1.237376e+00 0.000000e+00
8.817398e+00 9.079764e-02 1.334710e+00 -1.243913e+00 0.000000e+00
8.827412e+00 8.820955e-02 1.338569e+00 -1.250359e+00 0.000000e+00
8.837425e+00 8.554444e-02 1.342251e+00 -1.256706e+00 0.000000e+00
8.847439e+00 8.279224e-02 1.345739e+00 -1.262947e+00 0.000000e+00
8.857452e+00 7.994461e-02 1.349017e+00 -1.269073e+00 0.000000e+00
8.867466e+00 7.699255e-02 1.352069e+00 -1.275077e+00 0.000000e+00
8.877480e+00 7.392654e-02 1.354879e+00 -1.280953e+00 0.000000e+00
8.887493e+00 7.074117e-02 1.357435e+00 -1.286694e+00 0.000000e+00
8.897507e+00 6.742770e-02 1.359723e+00 -1.292296e+00 0.000000e+00
8.907520e+00 6.397966e-02 1.361731e+00 -1.297751e+00 0.000000e+00
8.917534e+00 6.039088e-02 1.363448e+00 -1.303057e+00 0.000000e+00
8.927547e+00 5.665491e-02 1.364864e+00 -1.308209e+00 0.000000e+00
8.937561e+00 5.276853e-02 1.365973e+00 -1.313204e+00 0.000000e+00
8.947575e+00 4.872738e-02 1.366768e+00 -1.318041e+00 0.000000e+00
8.957588e+00 4.453099e-02 1.367249e+00 -1.322718e+00 0.000000e+00
8.967602e+00 4.017539e-02 1.367409e+00 -1.327234e+00 0.000000e+00
8.977615e+00 3.565940e-02 1.367249e+00 -1.331589e+00 0.000000e+00
8.987629e+00 3.098325e-02 1.366769e+00 -1.335786e+00 0.000000e+00
8.997643e+00 2.614520e-02 1.365971e+00 -1.339825e+00 0.000000e+00
9.007656e+00 2.114916e-02 1.364860e+00 -1.343711e+00 0.000000e+00
9.017670e+00 1.599594e-02 1.363442e+00 -1.347446e+00 0.000000e+00
9.027683e+00 1.069077e-02 1.361726e+00 -1.351035e+00 0.000000e+00
9.037697e+00 5.234957e-03 1.359719e+00 -1.354484e+00 0.000000e+00
9.047710e+00 -3.662705e-04 1.357432e+00 -1.357798e+00 0.000000e+00
9.057724e+00 -6.107956e-03 1.354877e+00 -1.360985e+00 0.000000e+00
9.067738e+00 -1.198378e-02 1.352067e+00 -1.364050e+00 0.000000e+00
9.077751e+00 -1.798697e-02 1.349016e+00 -1.367003e+00 0.000000e+00
9.087765e+00 -2.411348e-02 1.345738e+00 -1.369851e+00 0.000000e+00
9.097778e+00 -3.035253e-02 1.342251e+00 -1.372604e+00 0.000000e+00
9.107792e+00 -3.669953e-02 1.338570e+00 -1.375270e+00 0.000000e+00
9.117805e+00 -4.314555e-02 1.334713e+00 -1.377858e+00 0.000000e+00
9.127819e+00 -4.968205e-02 1.330697e+00 -1.380379e+00 0.000000e+00
9.137833e+00 -5.630087e-02 1.326540e+00 -1.382841e+00 0.000000e+00
9.147846e+00 -6.299321e-02 1.322262e+00 -1.385255e+00 0.000000e+00
9.157860e+00 -6.975029e-02 1.317881e+00 -1.387631e+00 0.000000e+00
9.167873e+00 -7.656495e-02 1.313414e+00 -1.389979e+00 0.000000e+00
9.177887e+00 -8.342766e-02 1.308879e+00 -1.392307e+00 0.000000e+00
9.187901e+00 -9.032976e-02 1.304296e+00 -1.394626e+00 0.000000e+00
9.197914e+00 -9.726443e-02 1.299682e+00 -1.396946e+00 0.000000e+00
9.207928e+00 -1.042219e-01 1.295054e+00 -1.399276e+00 0.000000e+00
9.217941e+00 -1.111947e-01 1.290430e+00 -1.401625e+00 0.000000e+00
9.227955e+00 -1.181741e-01 1.285827e+00 -1.404001e+00 0.000000e+00
9.237968e+00 -1.251557e-01 1.281258e+00 -1.406414e+00 0.000000e+00
9.247982e+00 -1.321287e-01 1.276742e+00 -1.408871e+00 0.000000e+00
9.257996e+00 -1.390875e-01 1.272293e+00 -1.411381e+00 0.000000e+00
9.268009e+00 -1.460249e-01 1.267926e+00 -1.413951e+00 0.000000e+00
9.278023e+00 -1.529344e-01 1.263653e+00 -1.416587e+00 0.000000e+00
9.288036e+00 -1.598114e-01 1.259488e+00 -1.419299e+00 0.000000e+00
9.298050e+00 -1.666488e-01 1.255442e+00 -1.422091e+00 0.000000e+00
9.308064e+00 -1.734411e-01 1.251528e+00 -1.424969e+00 0.000000e+00
9.318077e+00 -1.801832e-01 1.247757e+00 -1.427940e+00 0.000000e+00
9.328091e+00 -1.868703e-01 1.244138e+00 -1.431008e+00 0.000000e+00
9.338104e+00 -1.934981e-01 1.240682e+00 -1.434180e+00 0.000000e+00
9.348118e+00 -2.000613e-01 1.237397e+00 -1.437458e+00 0.000000e+00
9.358131e+00 -2.065565e-01 1.234292e+00 -1.440848e+00 0.000000e+00
9.368145e+00 -2.129794e-01 1.231374e+00 -1.444353e+00 0.000000e+00
9.378159e+00 -2.193265e-01 1.228650e+00 -1.447977e+00 0.000000e+00
9.388172e+00 -2.255943e-01 1.226128e+00 -1.451722e+00 0.000000e+00
9.398186e+00 -2.317799e-01 1.223811e+00 -1.455591e+00 0.000000e+00
9.408199e+00 -2.378809e-01 1.221707e+00 -1.459588e+00 0.000000e+00
9.418213e+00 -2.438930e-01 1.219819e+00 -1.463712e+00 0.000000e+00
9.428226e+00 -2.498152e-01 1.218152e+00 -1.467967e+00 0.000000e+00
9.438240e+00 -2.556442e-01 1.216709e+00 -1.472353e+00 0.000000e+00
9.448254e+00 -2.613779e-01 1.215493e+00 -1.476871e+00 0.000000e+00
9.458267e+00 -2.670144e-01 1.214508e+00 -1.481522e+00 0.000000e+00
9.468281e+00 -2.725515e-01 1.213754e+00 -1.486306e+00 0.000000e+00
9.478294e+00 -2.779874e-01 1.213234e+00 -1.491222e+00 0.000000e+00
9.488308e+00 -2.833201e-01 1.212949e+00 -1.496269e+00 0.000000e+00
9.498322e+00 -2.885488e-01 1.212899e+00 -1.501448e+00 0.000000e+00
9.508335e+00 -2.936707e-01 1.213084e+00 -1.506755e+00 0.000000e+00
9.518349e+00 -2.986854e-01 1.213505e+00 -1.512190e+00 0.000000e+00
9.528362e+00 -3.035909e-01 1.214159e+00 -1.517750e+00 0.000000e+00
9.538376e+00 -3.083859e-01 1.215046e+00 -1.523432e+00 0.000000e+00
9.548389e+00 -3.130692e-01 1.216165e+00 -1.529234e+00 0.000000e+00
9.558403e+00 -3.176397e-01 1.217511e+00 -1.535151e+00 0.000000e+00
9.568417e+00 -3.220958e-01 1.219083e+00 -1.541179e+00 0.000000e+00
9.578430e+00 -3.264357e-01 1.220878e+00 -1.547314e+00 0.000000e+00
9.588444e+00 -3.306590e-01 1.222892e+00 -1.553551e+00 0.000000e+00
9.598457e+00 -3.347652e-01 1.225119e+00 -1.559884e+00 0.000000e+00
9.608471e+00 -3.387519e-01 1.227554e+00 -1.566306e+00 0.000000e+00
9.618484e+00 -3.426187e-01 1.230194e+00 -1.572812e+00 0.000000e+00
9.628498e+00 -3.463638e-01 1.233030e+00 -1.579394e+00 0.000000e+00
9.638512e+00 -3.499861e-01 1.236057e+00 -1.586043e+00 0.000000e+00
9.648525e+00 -3.534847e-01 1.239266e+00 -1.592751e+00 0.000000e+00
9.658539e+00 -3.568579e-01 1.242651e+00 -1.599509e+00 0.000000e+00
9.668552e+00 -3.601046e-01 1.246202e+00 -1.606306e+00 0.000000e+00
9.678566e+00 -3.632241e-01 1.249910e+00 -1.613134e+00 0.000000e+00
9.688580e+00 -3.662145e-01 1.253764e+00 -1.619979e+00 0.000000e+00
9.698593e+00 -3.690754e-01 1.257755e+00 -1.626831e+00 0.000000e+00
9.708607e+00 -3.718047e-01 1.261871e+00 -1.633676e+00 0.000000e+00
9.718620e+00 -3.744009e-01 1.266100e+00 -1.640501e+00 0.000000e+00
9.728634e+00 -3.768626e-01 1.270429e+00 -1.647292e+00 0.000000e+00
9.738647e+00 -3.791893e-01 1.274845e+00 -1.654034e+00 0.000000e+00
9.748661e+00 -3.813777e-01 1.279335e+00 -1.660712e+00 0.000000e+00
9.758675e+00 -3.834289e-01 1.283882e+00 -1.667311e+00 0.000000e+00
9.768688e+00 -3.853382e-01 1.288473e+00 -1.673811e+00 0.000000e+00
9.778702e+00 -3.871073e-01 1.293091e+00 -1.680198e+00 0.000000e+00
9.788715e+00 -3.887328e-01 1.297720e+00 -1.686452e+00 0.000000e+00
9.798729e+00 -3.902143e-01 1.302342e+00 -1.692556e+00 0.000000e+00
9.808743e+00 -3.915492e-01 1.306941e+00 -1.698490e+00 0.000000e+00
9.818756e+00 -3.927367e-01 1.311499e+00 -1.704235e+00 0.000000e+00
9.828770e+00 -3.937747e-01 1.315997e+00 -1.709772e+00 0.000000e+00
9.838783e+00 -3.946623e-01 1.320418e+00 -1.715080e+00 0.000000e+00
9.848797e+00 -3.953972e-01 1.324743e+00 -1.720141e+00 0.000000e+00
9.858810e+00 -3.959787e-01 1.328955e+00 -1.724933e+00 0.000000e+00
9.868824e+00 -3.964051e-01 1.333032e+00 -1.729438e+00 0.000000e+00
9.878838e+00 -3.966741e-01 1.336960e+00 -1.733634e+00 0.000000e+00
9.888851e+00 -3.967853e-01 1.340719e+00 -1.737504e+00 0.000000e+00
9.898865e+00 -3.967364e-01 1.344292e+00 -1.741028e+00 0.000000e+00
9.908878e+00 -3.965264e-01 1.347661e+00 -1.744187e+00 0.000000e+00
9.918892e+00 -3.961538e-01 1.350811e+00 -1.746965e+00 0.000000e+00
9.928905e+00 -3.956174e-01 1.353726e+00 -1.749343e+00 0.000000e+00
9.938919e+00 -3.949173e-01 1.356392e+00 -1.751309e+00 0.000000e+00
9.948933e+00 -3.940499e-01 1.358795e+00 -1.752845e+00 0.000000e+00
9.958946e+00 -3.930157e-01 1.360923e+00 -1.753939e+00 0.000000e+00
9.968960e+00 -3.918135e-01 1.362765e+00 -1.754578e+00 0.000000e+00
9.978973e+00 -3.904431e-01 1.364310e+00 -1.754753e+00 0.000000e+00
9.988987e+00 -3.889033e-01 1.365551e+00 -1.754455e+00 0.000000e+00
9.999001e+00 -3.871937e-01 1.366481e+00 -1.753675e+00 0.000000e+00
